1582109733.165599 client started (198820): version 3.0a, socket /tmp/tmux-1000/default, protocol 8
1582109733.165657 on Linux 5.5.4-arch1-1 #1 SMP PREEMPT Sat, 15 Feb 2020 00:36:29 +0000; libevent 2.1.11-stable (poll)
1582109733.165717 socket is /tmp/tmux-1000/default
1582109733.165744 trying connect
1582109733.165889 add peer 0x5621e3d71940: 6 ((nil))
1582109733.166093 sending message 100 to peer 0x5621e3d71940 (4 bytes)
1582109733.166122 sending message 101 to peer 0x5621e3d71940 (7 bytes)
1582109733.166135 sending message 102 to peer 0x5621e3d71940 (11 bytes)
1582109733.166147 sending message 108 to peer 0x5621e3d71940 (27 bytes)
1582109733.166160 sending message 104 to peer 0x5621e3d71940 (0 bytes)
1582109733.166173 sending message 107 to peer 0x5621e3d71940 (4 bytes)
1582109733.166184 sending message 105 to peer 0x5621e3d71940 (20 bytes)
1582109733.166203 sending message 105 to peer 0x5621e3d71940 (54 bytes)
1582109733.166215 sending message 105 to peer 0x5621e3d71940 (22 bytes)
1582109733.166229 sending message 105 to peer 0x5621e3d71940 (11 bytes)
1582109733.166240 sending message 105 to peer 0x5621e3d71940 (17 bytes)
1582109733.166254 sending message 105 to peer 0x5621e3d71940 (21 bytes)
1582109733.166268 sending message 105 to peer 0x5621e3d71940 (32 bytes)
1582109733.166281 sending message 105 to peer 0x5621e3d71940 (18 bytes)
1582109733.166295 sending message 105 to peer 0x5621e3d71940 (39 bytes)
1582109733.166310 sending message 105 to peer 0x5621e3d71940 (17 bytes)
1582109733.166322 sending message 105 to peer 0x5621e3d71940 (8 bytes)
1582109733.166335 sending message 105 to peer 0x5621e3d71940 (15 bytes)
1582109733.166346 sending message 105 to peer 0x5621e3d71940 (32 bytes)
1582109733.166362 sending message 105 to peer 0x5621e3d71940 (1506 bytes)
1582109733.166395 sending message 105 to peer 0x5621e3d71940 (28 bytes)
1582109733.166410 sending message 105 to peer 0x5621e3d71940 (41 bytes)
1582109733.166425 sending message 105 to peer 0x5621e3d71940 (53 bytes)
1582109733.166436 sending message 105 to peer 0x5621e3d71940 (16 bytes)
1582109733.166450 sending message 105 to peer 0x5621e3d71940 (26 bytes)
1582109733.166461 sending message 105 to peer 0x5621e3d71940 (34 bytes)
1582109733.166475 sending message 105 to peer 0x5621e3d71940 (11 bytes)
1582109733.166486 sending message 105 to peer 0x5621e3d71940 (2077 bytes)
1582109733.166510 sending message 105 to peer 0x5621e3d71940 (31 bytes)
1582109733.166526 sending message 105 to peer 0x5621e3d71940 (124 bytes)
1582109733.166540 sending message 105 to peer 0x5621e3d71940 (31 bytes)
1582109733.166555 sending message 105 to peer 0x5621e3d71940 (16 bytes)
1582109733.166568 sending message 105 to peer 0x5621e3d71940 (19 bytes)
1582109733.166585 sending message 105 to peer 0x5621e3d71940 (8 bytes)
1582109733.166599 sending message 105 to peer 0x5621e3d71940 (12 bytes)
1582109733.166613 sending message 105 to peer 0x5621e3d71940 (60 bytes)
1582109733.166627 sending message 105 to peer 0x5621e3d71940 (45 bytes)
1582109733.166641 sending message 105 to peer 0x5621e3d71940 (62 bytes)
1582109733.166655 sending message 105 to peer 0x5621e3d71940 (37 bytes)
1582109733.166669 sending message 105 to peer 0x5621e3d71940 (13 bytes)
1582109733.166682 sending message 105 to peer 0x5621e3d71940 (12 bytes)
1582109733.166695 sending message 105 to peer 0x5621e3d71940 (16 bytes)
1582109733.166707 sending message 105 to peer 0x5621e3d71940 (17 bytes)
1582109733.166721 sending message 105 to peer 0x5621e3d71940 (13 bytes)
1582109733.166735 sending message 105 to peer 0x5621e3d71940 (15 bytes)
1582109733.166745 sending message 105 to peer 0x5621e3d71940 (41 bytes)
1582109733.166759 sending message 105 to peer 0x5621e3d71940 (65 bytes)
1582109733.166773 sending message 105 to peer 0x5621e3d71940 (31 bytes)
1582109733.166787 sending message 105 to peer 0x5621e3d71940 (15 bytes)
1582109733.166801 sending message 105 to peer 0x5621e3d71940 (23 bytes)
1582109733.166815 sending message 105 to peer 0x5621e3d71940 (26 bytes)
1582109733.166829 sending message 105 to peer 0x5621e3d71940 (17 bytes)
1582109733.166860 sending message 105 to peer 0x5621e3d71940 (21 bytes)
1582109733.166874 sending message 105 to peer 0x5621e3d71940 (11 bytes)
1582109733.166888 sending message 105 to peer 0x5621e3d71940 (28 bytes)
1582109733.166902 sending message 105 to peer 0x5621e3d71940 (16 bytes)
1582109733.166917 sending message 105 to peer 0x5621e3d71940 (21 bytes)
1582109733.166931 sending message 106 to peer 0x5621e3d71940 (0 bytes)
1582109733.166943 sending message 200 to peer 0x5621e3d71940 (4 bytes)
1582109733.166957 client loop enter
1582109733.173767 peer 0x5621e3d71940 message 211
1582109733.173815 client_write: sessions should be nested with care, unset $TMUX to force\n
1582109733.173852 peer 0x5621e3d71940 message 203
1582109733.173870 client loop exit
